<?xml version="1.0" encoding="UTF-8"?>
<testsuite xmlns:xsi="http://www.w3.org/2001/XMLSchema-instance" xsi:noNamespaceSchemaLocation="https://maven.apache.org/surefire/maven-surefire-plugin/xsd/surefire-test-report.xsd" name="com.tus.finance.controller.BudgetControllerTest" time="0.141" tests="3" errors="0" skipped="0" failures="0">
  <properties>
[...]
</properties>
  <testcase name="getAllBudgets_Success" classname="com.tus.finance.controller.BudgetControllerTest" time="0.084"/>
  <testcase name="createBudget_Success" classname="com.tus.finance.controller.BudgetControllerTest" time="0.051"/>
  <testcase name="createBudget_UserNotFound" classname="com.tus.finance.controller.BudgetControllerTest" time="0.004"/>
</testsuite>