<?xml version="1.0" encoding="UTF-8"?>
<testsuite xmlns:xsi="http://www.w3.org/2001/XMLSchema-instance" xsi:noNamespaceSchemaLocation="https://maven.apache.org/surefire/maven-surefire-plugin/xsd/surefire-test-report.xsd" name="com.tus.finance.selenium.UITests" time="11.332" tests="1" errors="1" skipped="0" failures="0">
  <properties>
[...]
</properties>
  <testcase name="com.tus.finance.selenium.UITests" classname="com.tus.finance.selenium.UITests" time="11.332">
    <error message="Unable to establish websocket connection to http://localhost:57354/devtools/browser/9b911378-e40f-43a9-a622-d52a56137524&#10;Build info: version: &apos;4.1.4&apos;, revision: &apos;535d840ee2&apos;&#10;System info: host: &apos;HOME&apos;, ip: &apos;192.168.0.3&apos;, os.name: &apos;Windows 11&apos;, os.arch: &apos;amd64&apos;, os.version: &apos;10.0&apos;, java.version: &apos;17.0.12&apos;&#10;Driver info: driver.version: ChromeDriver" type="org.openqa.selenium.remote.http.ConnectionFailedException">org.openqa.selenium.remote.http.ConnectionFailedException: 
Unable to establish websocket connection to http://localhost:57354/devtools/browser/9b911378-e40f-43a9-a622-d52a56137524
Build info: version: '4.1.4', revision: '535d840ee2'
System info: host: 'HOME', ip: '192.168.0.3', os.name: 'Windows 11', os.arch: 'amd64', os.version: '10.0', java.version: '17.0.12'
Driver info: driver.version: ChromeDriver
	at com.tus.finance.selenium.UITests.setup(UITests.java:30)
</error>
    <system-out><![CDATA[2025-03-25 00:02:49.394  INFO 24236 --- [           main] .b.t.c.SpringBootTestContextBootstrapper : Neither @ContextConfiguration nor @ContextHierarchy found for test class [com.tus.finance.selenium.UITests], using SpringBootContextLoader
2025-03-25 00:02:49.396  INFO 24236 --- [           main] o.s.t.c.support.AbstractContextLoader    : Could not detect default resource locations for test class [com.tus.finance.selenium.UITests]: no resource found for suffixes {-context.xml, Context.groovy}.
2025-03-25 00:02:49.396  INFO 24236 --- [           main] t.c.s.AnnotationConfigContextLoaderUtils : Could not detect default configuration classes for test class [com.tus.finance.selenium.UITests]: UITests does not declare any static, non-private, non-final, nested classes annotated with @Configuration.
2025-03-25 00:02:49.416  INFO 24236 --- [           main] .b.t.c.SpringBootTestContextBootstrapper : Found @SpringBootConfiguration com.tus.finance.FinanceApplication for test class com.tus.finance.selenium.UITests
2025-03-25 00:02:49.421  INFO 24236 --- [           main] .b.t.c.SpringBootTestContextBootstrapper : Loaded default TestExecutionListener class names from location [META-INF/spring.factories]: [org.springframework.security.test.context.support.WithSecurityContextTestExecutionListener, org.springframework.security.test.context.support.ReactorContextTestExecutionListener, org.springframework.test.context.web.ServletTestExecutionListener, org.springframework.test.context.support.DirtiesContextBeforeModesTestExecutionListener, org.springframework.test.context.event.ApplicationEventsTestExecutionListener, org.springframework.test.context.support.DependencyInjectionTestExecutionListener, org.springframework.test.context.support.DirtiesContextTestExecutionListener, org.springframework.test.context.transaction.TransactionalTestExecutionListener, org.springframework.test.context.jdbc.SqlScriptsTestExecutionListener, org.springframework.test.context.event.EventPublishingTestExecutionListener, org.springframework.boot.test.mock.mockito.MockitoTestExecutionListener, org.springframework.boot.test.mock.mockito.ResetMocksTestExecutionListener, org.springframework.boot.test.autoconfigure.restdocs.RestDocsTestExecutionListener, org.springframework.boot.test.autoconfigure.web.client.MockRestServiceServerResetTestExecutionListener, org.springframework.boot.test.autoconfigure.web.servlet.MockMvcPrintOnlyOnFailureTestExecutionListener, org.springframework.boot.test.autoconfigure.web.servlet.WebDriverTestExecutionListener, org.springframework.boot.test.autoconfigure.webservices.client.MockWebServiceServerTestExecutionListener]
2025-03-25 00:02:49.422  INFO 24236 --- [           main] .b.t.c.SpringBootTestContextBootstrapper : Using TestExecutionListeners: [org.springframework.test.context.web.ServletTestExecutionListener@75ee63f2, org.springframework.test.context.support.DirtiesContextBeforeModesTestExecutionListener@4c627575, org.springframework.test.context.event.ApplicationEventsTestExecutionListener@7e32f76b, org.springframework.boot.test.mock.mockito.MockitoTestExecutionListener@339b9869, org.springframework.boot.test.autoconfigure.SpringBootDependencyInjectionTestExecutionListener@356c8c1b, org.springframework.test.context.support.DirtiesContextTestExecutionListener@6a7a8e1e, org.springframework.test.context.transaction.TransactionalTestExecutionListener@39aa595, org.springframework.test.context.jdbc.SqlScriptsTestExecutionListener@6cad2d5f, org.springframework.security.test.context.support.WithSecurityContextTestExecutionListener@3d707885, org.springframework.test.context.event.EventPublishingTestExecutionListener@3c41b4b, org.springframework.security.test.context.support.ReactorContextTestExecutionListener@55a4a0ab, org.springframework.boot.test.mock.mockito.ResetMocksTestExecutionListener@5066a895, org.springframework.boot.test.autoconfigure.restdocs.RestDocsTestExecutionListener@6eec564c, org.springframework.boot.test.autoconfigure.web.client.MockRestServiceServerResetTestExecutionListener@4dd11699, org.springframework.boot.test.autoconfigure.web.servlet.MockMvcPrintOnlyOnFailureTestExecutionListener@3d805670, org.springframework.boot.test.autoconfigure.web.servlet.WebDriverTestExecutionListener@58477355, org.springframework.boot.test.autoconfigure.webservices.client.MockWebServiceServerTestExecutionListener@54950027]

  .   ____          _            __ _ _
 /\\ / ___'_ __ _ _(_)_ __  __ _ \ \ \ \
( ( )\___ | '_ | '_| | '_ \/ _` | \ \ \ \
 \\/  ___)| |_)| | | | | || (_| |  ) ) ) )
  '  |____| .__|_| |_|_| |_\__, | / / / /
 =========|_|==============|___/=/_/_/_/
 :: Spring Boot ::               (v2.7.18)

2025-03-25 00:02:49.512  INFO 24236 --- [           main] com.tus.finance.selenium.UITests         : Starting UITests using Java 17.0.12 on home with PID 24236 (started by krthv in C:\PersonalFinanceTracker)
2025-03-25 00:02:49.513  INFO 24236 --- [           main] com.tus.finance.selenium.UITests         : No active profile set, falling back to 1 default profile: "default"
2025-03-25 00:02:50.058  INFO 24236 --- [           main] .s.d.r.c.RepositoryConfigurationDelegate : Bootstrapping Spring Data JPA repositories in DEFAULT mode.
2025-03-25 00:02:50.100  INFO 24236 --- [           main] .s.d.r.c.RepositoryConfigurationDelegate : Finished Spring Data repository scanning in 41 ms. Found 3 JPA repository interfaces.
2025-03-25 00:02:50.931  INFO 24236 --- [           main] o.s.b.w.embedded.tomcat.TomcatWebServer  : Tomcat initialized with port(s): 9091 (http)
2025-03-25 00:02:50.959  INFO 24236 --- [           main] o.apache.catalina.core.StandardService   : Starting service [Tomcat]
2025-03-25 00:02:50.959  INFO 24236 --- [           main] org.apache.catalina.core.StandardEngine  : Starting Servlet engine: [Apache Tomcat/9.0.83]
2025-03-25 00:02:51.531  INFO 24236 --- [           main] o.a.c.c.C.[Tomcat].[localhost].[/]       : Initializing Spring embedded WebApplicationContext
2025-03-25 00:02:51.533  INFO 24236 --- [           main] w.s.c.ServletWebServerApplicationContext : Root WebApplicationContext: initialization completed in 2012 ms
2025-03-25 00:02:52.102  INFO 24236 --- [           main] o.hibernate.jpa.internal.util.LogHelper  : HHH000204: Processing PersistenceUnitInfo [name: default]
2025-03-25 00:02:52.114  INFO 24236 --- [           main] com.zaxxer.hikari.HikariDataSource       : HikariPool-2 - Starting...
2025-03-25 00:02:52.170  INFO 24236 --- [           main] com.zaxxer.hikari.HikariDataSource       : HikariPool-2 - Start completed.
2025-03-25 00:02:52.171  INFO 24236 --- [           main] org.hibernate.dialect.Dialect            : HHH000400: Using dialect: org.hibernate.dialect.MySQL8Dialect
2025-03-25 00:02:52.347  INFO 24236 --- [           main] o.h.e.t.j.p.i.JtaPlatformInitiator       : HHH000490: Using JtaPlatform implementation: [org.hibernate.engine.transaction.jta.platform.internal.NoJtaPlatform]
2025-03-25 00:02:52.348  INFO 24236 --- [           main] j.LocalContainerEntityManagerFactoryBean : Initialized JPA EntityManagerFactory for persistence unit 'default'
2025-03-25 00:02:53.582  INFO 24236 --- [           main] o.s.s.web.DefaultSecurityFilterChain     : Will secure any request with [org.springframework.security.web.session.DisableEncodeUrlFilter@70f446c, org.springframework.security.web.context.request.async.WebAsyncManagerIntegrationFilter@4e2f6452, org.springframework.security.web.context.SecurityContextPersistenceFilter@68a1906f, org.springframework.security.web.header.HeaderWriterFilter@28c06c3c, org.springframework.security.web.authentication.logout.LogoutFilter@66a5f996, com.tus.finance.filter.JwtAuthenticationFilter@12f52ca4, org.springframework.security.web.savedrequest.RequestCacheAwareFilter@558bff39, org.springframework.security.web.servletapi.SecurityContextHolderAwareRequestFilter@7e01d838, org.springframework.security.web.authentication.AnonymousAuthenticationFilter@4ff1e20b, org.springframework.security.web.session.SessionManagementFilter@3c8802cf, org.springframework.security.web.access.ExceptionTranslationFilter@4b7ecd37, org.springframework.security.web.access.intercept.AuthorizationFilter@1c6d65f7]
2025-03-25 00:02:53.779  WARN 24236 --- [           main] JpaBaseConfiguration$JpaWebConfiguration : spring.jpa.open-in-view is enabled by default. Therefore, database queries may be performed during view rendering. Explicitly configure spring.jpa.open-in-view to disable this warning
2025-03-25 00:02:54.312  INFO 24236 --- [           main] o.s.b.a.w.s.WelcomePageHandlerMapping    : Adding welcome page: class path resource [static/index.html]
2025-03-25 00:02:55.194  INFO 24236 --- [           main] o.s.b.w.embedded.tomcat.TomcatWebServer  : Tomcat started on port(s): 9091 (http) with context path ''
2025-03-25 00:02:55.215  INFO 24236 --- [           main] com.tus.finance.selenium.UITests         : Started UITests in 5.789 seconds (JVM running for 26.79)
2025-03-25 00:02:56.942  INFO 24236 --- [           main] i.g.bonigarcia.wdm.WebDriverManager      : Using chromedriver 134.0.6998.165 (resolved driver for Chrome 134)
2025-03-25 00:02:56.991  INFO 24236 --- [           main] i.g.bonigarcia.wdm.WebDriverManager      : Exporting webdriver.chrome.driver as C:\Users\krthv\.cache\selenium\chromedriver\win64\134.0.6998.165\chromedriver.exe
2025-03-25 00:03:00.639  INFO 24236 --- [ null to remote] o.o.selenium.remote.ProtocolHandshake    : Detected dialect: W3C
2025-03-25 00:03:00.706  WARN 24236 --- [cHttpClient-1-4] o.openqa.selenium.remote.http.WebSocket  : Invalid Status code=403 text=Forbidden

java.io.IOException: Invalid Status code=403 text=Forbidden
	at org.asynchttpclient.netty.handler.WebSocketHandler.abort(WebSocketHandler.java:92) ~[async-http-client-2.12.3.jar:na]
	at org.asynchttpclient.netty.handler.WebSocketHandler.handleRead(WebSocketHandler.java:118) ~[async-http-client-2.12.3.jar:na]
	at org.asynchttpclient.netty.handler.AsyncHttpClientHandler.channelRead(AsyncHttpClientHandler.java:78) ~[async-http-client-2.12.3.jar:na]
	at io.netty.channel.AbstractChannelHandlerContext.invokeChannelRead(AbstractChannelHandlerContext.java:444) ~[netty-transport-4.1.101.Final.jar:4.1.101.Final]
	at io.netty.channel.AbstractChannelHandlerContext.invokeChannelRead(AbstractChannelHandlerContext.java:420) ~[netty-transport-4.1.101.Final.jar:4.1.101.Final]
	at io.netty.channel.AbstractChannelHandlerContext.fireChannelRead(AbstractChannelHandlerContext.java:412) ~[netty-transport-4.1.101.Final.jar:4.1.101.Final]
	at io.netty.channel.CombinedChannelDuplexHandler$DelegatingChannelHandlerContext.fireChannelRead(CombinedChannelDuplexHandler.java:436) ~[netty-transport-4.1.101.Final.jar:4.1.101.Final]
	at io.netty.handler.codec.ByteToMessageDecoder.fireChannelRead(ByteToMessageDecoder.java:346) ~[netty-codec-4.1.101.Final.jar:4.1.101.Final]
	at io.netty.handler.codec.ByteToMessageDecoder.fireChannelRead(ByteToMessageDecoder.java:333) ~[netty-codec-4.1.101.Final.jar:4.1.101.Final]
	at io.netty.handler.codec.ByteToMessageDecoder.callDecode(ByteToMessageDecoder.java:454) ~[netty-codec-4.1.101.Final.jar:4.1.101.Final]
	at io.netty.handler.codec.ByteToMessageDecoder.channelRead(ByteToMessageDecoder.java:290) ~[netty-codec-4.1.101.Final.jar:4.1.101.Final]
	at io.netty.channel.CombinedChannelDuplexHandler.channelRead(CombinedChannelDuplexHandler.java:251) ~[netty-transport-4.1.101.Final.jar:4.1.101.Final]
	at io.netty.channel.AbstractChannelHandlerContext.invokeChannelRead(AbstractChannelHandlerContext.java:442) ~[netty-transport-4.1.101.Final.jar:4.1.101.Final]
	at io.netty.channel.AbstractChannelHandlerContext.invokeChannelRead(AbstractChannelHandlerContext.java:420) ~[netty-transport-4.1.101.Final.jar:4.1.101.Final]
	at io.netty.channel.AbstractChannelHandlerContext.fireChannelRead(AbstractChannelHandlerContext.java:412) ~[netty-transport-4.1.101.Final.jar:4.1.101.Final]
	at io.netty.channel.DefaultChannelPipeline$HeadContext.channelRead(DefaultChannelPipeline.java:1410) ~[netty-transport-4.1.101.Final.jar:4.1.101.Final]
	at io.netty.channel.AbstractChannelHandlerContext.invokeChannelRead(AbstractChannelHandlerContext.java:440) ~[netty-transport-4.1.101.Final.jar:4.1.101.Final]
	at io.netty.channel.AbstractChannelHandlerContext.invokeChannelRead(AbstractChannelHandlerContext.java:420) ~[netty-transport-4.1.101.Final.jar:4.1.101.Final]
	at io.netty.channel.DefaultChannelPipeline.fireChannelRead(DefaultChannelPipeline.java:919) ~[netty-transport-4.1.101.Final.jar:4.1.101.Final]
	at io.netty.channel.nio.AbstractNioByteChannel$NioByteUnsafe.read(AbstractNioByteChannel.java:166) ~[netty-transport-4.1.101.Final.jar:4.1.101.Final]
	at io.netty.channel.nio.NioEventLoop.processSelectedKey(NioEventLoop.java:788) ~[netty-transport-4.1.101.Final.jar:4.1.101.Final]
	at io.netty.channel.nio.NioEventLoop.processSelectedKeysOptimized(NioEventLoop.java:724) ~[netty-transport-4.1.101.Final.jar:4.1.101.Final]
	at io.netty.channel.nio.NioEventLoop.processSelectedKeys(NioEventLoop.java:650) ~[netty-transport-4.1.101.Final.jar:4.1.101.Final]
	at io.netty.channel.nio.NioEventLoop.run(NioEventLoop.java:562) ~[netty-transport-4.1.101.Final.jar:4.1.101.Final]
	at io.netty.util.concurrent.SingleThreadEventExecutor$4.run(SingleThreadEventExecutor.java:997) ~[netty-common-4.1.101.Final.jar:4.1.101.Final]
	at io.netty.util.internal.ThreadExecutorMap$2.run(ThreadExecutorMap.java:74) ~[netty-common-4.1.101.Final.jar:4.1.101.Final]
	at io.netty.util.concurrent.FastThreadLocalRunnable.run(FastThreadLocalRunnable.java:30) ~[netty-common-4.1.101.Final.jar:4.1.101.Final]
	at java.base/java.lang.Thread.run(Thread.java:842) ~[na:na]

]]></system-out>
    <system-err><![CDATA[Starting ChromeDriver 134.0.6998.165 (fd886e2cb29dd984c13deec032832dee68d8abe3-refs/branch-heads/6998@{#2122}) on port 53927
Only local connections are allowed.
Please see https://chromedriver.chromium.org/security-considerations for suggestions on keeping ChromeDriver safe.
ChromeDriver was started successfully on port 53927.
]]></system-err>
  </testcase>
</testsuite>