<?xml version="1.0" encoding="UTF-8"?>
<testsuite xmlns:xsi="http://www.w3.org/2001/XMLSchema-instance" xsi:noNamespaceSchemaLocation="https://maven.apache.org/surefire/maven-surefire-plugin/xsd/surefire-test-report.xsd" name="com.tus.finance.controller.TransactionControllerTest" time="0.651" tests="4" errors="0" skipped="0" failures="0">
  <properties>
[...]
</properties>
  <testcase name="testDeleteTransaction_NotFound" classname="com.tus.finance.controller.TransactionControllerTest" time="0.295"/>
  <testcase name="testGetTransactionById_NotFound" classname="com.tus.finance.controller.TransactionControllerTest" time="0.066"/>
  <testcase name="testDeleteTransaction_Success" classname="com.tus.finance.controller.TransactionControllerTest" time="0.097"/>
  <testcase name="testGetDashboardStats_Success" classname="com.tus.finance.controller.TransactionControllerTest" time="0.189"/>
</testsuite>